<?xml version="1.0" encoding="UTF-8"?>
<!-- Generated by org.testng.reporters.JUnitReportReporter -->
<testsuite hostname="LAPTOP-Q5PNCHB6" failures="0" tests="7" name="com.TestCases.TestCase" time="4.844" errors="0" timestamp="2021-08-16T23:02:52 IST" skipped="0">
  <testcase classname="com.TestCases.TestCase" name="CustomerType_Senior_Citizen" time="0.270"/>
  <system-out/>
  <testcase classname="com.TestCases.TestCase" name="FixedDeposite_Monthly_Payout" time="0.273"/>
  <system-out/>
  <testcase classname="com.TestCases.TestCase" name="Amount" time="0.291"/>
  <system-out/>
  <testcase classname="com.TestCases.TestCase" name="ClickAnyWhereOnScreen" time="0.160"/>
  <system-out/>
  <testcase classname="com.TestCases.TestCase" name="PrintRateofInterest" time="0.415"/>
  <system-out/>
  <testcase classname="com.TestCases.TestCase" name="Takescreenshot" time="3.269"/>
  <system-out/>
  <testcase classname="com.TestCases.TestCase" name="CloseBrowser" time="0.166"/>
  <system-out/>
</testsuite> <!-- com.TestCases.TestCase -->
