<?xml version="1.0" encoding="UTF-8"?>
<!-- Generated by org.testng.reporters.JUnitReportReporter -->
<testsuite hostname="LAPTOP-Q5PNCHB6" failures="0" tests="7" name="com.TestCases.TestCase" time="8.950" errors="0" timestamp="2021-08-18T01:04:35 IST" skipped="0">
  <testcase classname="com.TestCases.TestCase" name="CustomerType_Senior_Citizen" time="0.390"/>
  <system-out/>
  <testcase classname="com.TestCases.TestCase" name="FixedDeposite_Monthly_Payout" time="0.275"/>
  <system-out/>
  <testcase classname="com.TestCases.TestCase" name="Amount" time="0.198"/>
  <system-out/>
  <testcase classname="com.TestCases.TestCase" name="ClickAnyWhereOnScreen" time="0.107"/>
  <system-out/>
  <testcase classname="com.TestCases.TestCase" name="PrintRateofInterest" time="0.504"/>
  <system-out/>
  <testcase classname="com.TestCases.TestCase" name="Takescreenshot" time="3.182"/>
  <system-out/>
  <testcase classname="com.TestCases.TestCase" name="CloseBrowser" time="4.294"/>
  <system-out/>
</testsuite> <!-- com.TestCases.TestCase -->
